<?xml version="1.0" encoding="UTF-8"?>
<!-- Generated by org.testng.reporters.JUnitXMLReporter -->
<testsuite hostname="NODE588" ignored="1" name="Default test" tests="3" failures="0" timestamp="03 Oct 2019 05:52:51 GMT" time="0.165" errors="0">
  <testcase name="sendEmail" time="0.017" classname="com.Testng.Sel.Priority"/>
  <testcase name="login" time="0.002" classname="com.Testng.Sel.Priority"/>
  <testcase name="A" time="0.002" classname="com.Testng.Sel.Priority"/>
  <testcase name="registerAccount" time="0.0" classname="com.Testng.Sel.Priority">
    <ignored/>
  </testcase> <!-- registerAccount -->
</testsuite> <!-- Default test -->
