<?xml version="1.0" encoding="UTF-8"?>
<testng-results skipped="0" failed="0" ignored="0" total="4" passed="4">
  <reporter-output>
  </reporter-output>
  <suite name="Suite1" duration-ms="115809" started-at="2019-10-09T10:10:47Z" finished-at="2019-10-09T10:12:43Z">
    <groups>
    </groups>
    <test name="Test1" duration-ms="109404" started-at="2019-10-09T10:10:47Z" finished-at="2019-10-09T10:12:37Z">
      <class name="com.Testng.Sel.ParallelEx2">
        <test-method status="PASS" signature="launchBrowser(java.lang.String, java.lang.String)[pri:0, instance:com.Testng.Sel.ParallelEx2@4501b7af]" name="launchBrowser" is-config="true" duration-ms="71089" started-at="2019-10-09T10:10:47Z" finished-at="2019-10-09T10:11:58Z">
          <params>
            <param index="0">
              <value>
                <![CDATA[firefox]]>
              </value>
            </param>
            <param index="1">
              <value>
                <![CDATA[http://127.0.0.1/login.do]]>
              </value>
            </param>
          </params>
          <reporter-output>
          </reporter-output>
        </test-method> <!-- launchBrowser -->
        <test-method status="PASS" signature="TC1()[pri:0, instance:com.Testng.Sel.ParallelEx2@4501b7af]" name="TC1" duration-ms="20" started-at="2019-10-09T10:11:58Z" finished-at="2019-10-09T10:11:58Z">
          <reporter-output>
          </reporter-output>
        </test-method> <!-- TC1 -->
        <test-method status="PASS" signature="launchBrowser(java.lang.String, java.lang.String)[pri:0, instance:com.Testng.Sel.ParallelEx2@4501b7af]" name="launchBrowser" is-config="true" duration-ms="38250" started-at="2019-10-09T10:11:58Z" finished-at="2019-10-09T10:12:37Z">
          <params>
            <param index="0">
              <value>
                <![CDATA[firefox]]>
              </value>
            </param>
            <param index="1">
              <value>
                <![CDATA[http://127.0.0.1/login.do]]>
              </value>
            </param>
          </params>
          <reporter-output>
          </reporter-output>
        </test-method> <!-- launchBrowser -->
        <test-method status="PASS" signature="TC2()[pri:0, instance:com.Testng.Sel.ParallelEx2@4501b7af]" name="TC2" duration-ms="3" started-at="2019-10-09T10:12:37Z" finished-at="2019-10-09T10:12:37Z">
          <reporter-output>
          </reporter-output>
        </test-method> <!-- TC2 -->
      </class> <!-- com.Testng.Sel.ParallelEx2 -->
    </test> <!-- Test1 -->
    <test name="Test2" duration-ms="115809" started-at="2019-10-09T10:10:47Z" finished-at="2019-10-09T10:12:43Z">
      <class name="com.Testng.Sel.ParallelEx2">
        <test-method status="PASS" signature="launchBrowser(java.lang.String, java.lang.String)[pri:0, instance:com.Testng.Sel.ParallelEx2@548e7350]" name="launchBrowser" is-config="true" duration-ms="75648" started-at="2019-10-09T10:10:47Z" finished-at="2019-10-09T10:12:03Z">
          <params>
            <param index="0">
              <value>
                <![CDATA[firefox]]>
              </value>
            </param>
            <param index="1">
              <value>
                <![CDATA[http://127.0.0.1/login.do]]>
              </value>
            </param>
          </params>
          <reporter-output>
          </reporter-output>
        </test-method> <!-- launchBrowser -->
        <test-method status="PASS" signature="TC1()[pri:0, instance:com.Testng.Sel.ParallelEx2@548e7350]" name="TC1" duration-ms="4" started-at="2019-10-09T10:12:03Z" finished-at="2019-10-09T10:12:03Z">
          <reporter-output>
          </reporter-output>
        </test-method> <!-- TC1 -->
        <test-method status="PASS" signature="launchBrowser(java.lang.String, java.lang.String)[pri:0, instance:com.Testng.Sel.ParallelEx2@548e7350]" name="launchBrowser" is-config="true" duration-ms="40107" started-at="2019-10-09T10:12:03Z" finished-at="2019-10-09T10:12:43Z">
          <params>
            <param index="0">
              <value>
                <![CDATA[firefox]]>
              </value>
            </param>
            <param index="1">
              <value>
                <![CDATA[http://127.0.0.1/login.do]]>
              </value>
            </param>
          </params>
          <reporter-output>
          </reporter-output>
        </test-method> <!-- launchBrowser -->
        <test-method status="PASS" signature="TC2()[pri:0, instance:com.Testng.Sel.ParallelEx2@548e7350]" name="TC2" duration-ms="3" started-at="2019-10-09T10:12:43Z" finished-at="2019-10-09T10:12:43Z">
          <reporter-output>
          </reporter-output>
        </test-method> <!-- TC2 -->
      </class> <!-- com.Testng.Sel.ParallelEx2 -->
    </test> <!-- Test2 -->
  </suite> <!-- Suite1 -->
</testng-results>
