<?xml version="1.0" encoding="UTF-8"?>
<testng-results skipped="0" failed="0" ignored="1" total="4" passed="3">
  <reporter-output>
  </reporter-output>
  <suite name="Default suite" duration-ms="165" started-at="2019-10-03T05:52:50Z" finished-at="2019-10-03T05:52:50Z">
    <groups>
    </groups>
    <test name="Default test" duration-ms="165" started-at="2019-10-03T05:52:50Z" finished-at="2019-10-03T05:52:50Z">
      <class name="com.Testng.Sel.Priority">
        <test-method status="PASS" signature="sendEmail()[pri:-1, instance:com.Testng.Sel.Priority@4678c730]" name="sendEmail" duration-ms="17" started-at="2019-10-03T05:52:50Z" finished-at="2019-10-03T05:52:50Z">
          <reporter-output>
          </reporter-output>
        </test-method> <!-- sendEmail -->
        <test-method status="PASS" signature="login()[pri:1, instance:com.Testng.Sel.Priority@4678c730]" name="login" duration-ms="2" started-at="2019-10-03T05:52:50Z" finished-at="2019-10-03T05:52:50Z">
          <reporter-output>
          </reporter-output>
        </test-method> <!-- login -->
        <test-method status="PASS" signature="A()[pri:0, instance:com.Testng.Sel.Priority@4678c730]" name="A" duration-ms="2" started-at="2019-10-03T05:52:50Z" depends-on-methods="com.Testng.Sel.Priority.login" finished-at="2019-10-03T05:52:50Z">
          <reporter-output>
          </reporter-output>
        </test-method> <!-- A -->
      </class> <!-- com.Testng.Sel.Priority -->
    </test> <!-- Default test -->
  </suite> <!-- Default suite -->
</testng-results>
